Performing C SOURCE FILE Test CMAKE_HAVE_LIBC_PTHREAD failed with the following output:
Change Dir: /home/elizar/RRFI_Tx_Rx/cmake-build-release/CMakeFiles/CMakeTmp

Run Build Command(s):/usr/bin/make -f Makefile cmTC_6221e/fast && /usr/bin/make  -f CMakeFiles/cmTC_6221e.dir/build.make CMakeFiles/cmTC_6221e.dir/build
make[1]: вход в каталог «/home/elizar/RRFI_Tx_Rx/cmake-build-release/CMakeFiles/CMakeTmp»
Building C object CMakeFiles/cmTC_6221e.dir/src.c.o
/usr/bin/cc -DCMAKE_HAVE_LIBC_PTHREAD   -o CMakeFiles/cmTC_6221e.dir/src.c.o -c /home/elizar/RRFI_Tx_Rx/cmake-build-release/CMakeFiles/CMakeTmp/src.c
Linking C executable cmTC_6221e
/snap/clion/163/bin/cmake/linux/bin/cmake -E cmake_link_script CMakeFiles/cmTC_6221e.dir/link.txt --verbose=1
/usr/bin/cc -static-libgcc -static-libstdc++  CMakeFiles/cmTC_6221e.dir/src.c.o -o cmTC_6221e 
/usr/bin/ld: CMakeFiles/cmTC_6221e.dir/src.c.o: в функции «main»:
src.c:(.text+0x46): неопределённая ссылка на «pthread_create»
/usr/bin/ld: src.c:(.text+0x52): неопределённая ссылка на «pthread_detach»
/usr/bin/ld: src.c:(.text+0x5e): неопределённая ссылка на «pthread_cancel»
/usr/bin/ld: src.c:(.text+0x6f): неопределённая ссылка на «pthread_join»
collect2: error: ld returned 1 exit status
make[1]: *** [CMakeFiles/cmTC_6221e.dir/build.make:99: cmTC_6221e] Ошибка 1
make[1]: выход из каталога «/home/elizar/RRFI_Tx_Rx/cmake-build-release/CMakeFiles/CMakeTmp»
make: *** [Makefile:127: cmTC_6221e/fast] Ошибка 2


Source file was:
#include <pthread.h>

static void* test_func(void* data)
{
  return data;
}

int main(void)
{
  pthread_t thread;
  pthread_create(&thread, NULL, test_func, NULL);
  pthread_detach(thread);
  pthread_cancel(thread);
  pthread_join(thread, NULL);
  pthread_atfork(NULL, NULL, NULL);
  pthread_exit(NULL);

  return 0;
}

Determining if the function pthread_create exists in the pthreads failed with the following output:
Change Dir: /home/elizar/RRFI_Tx_Rx/cmake-build-release/CMakeFiles/CMakeTmp

Run Build Command(s):/usr/bin/make -f Makefile cmTC_66e26/fast && /usr/bin/make  -f CMakeFiles/cmTC_66e26.dir/build.make CMakeFiles/cmTC_66e26.dir/build
make[1]: вход в каталог «/home/elizar/RRFI_Tx_Rx/cmake-build-release/CMakeFiles/CMakeTmp»
Building C object CMakeFiles/cmTC_66e26.dir/CheckFunctionExists.c.o
/usr/bin/cc   -DCHECK_FUNCTION_EXISTS=pthread_create -o CMakeFiles/cmTC_66e26.dir/CheckFunctionExists.c.o -c /snap/clion/163/bin/cmake/linux/share/cmake-3.20/Modules/CheckFunctionExists.c
Linking C executable cmTC_66e26
/snap/clion/163/bin/cmake/linux/bin/cmake -E cmake_link_script CMakeFiles/cmTC_66e26.dir/link.txt --verbose=1
/usr/bin/cc  -DCHECK_FUNCTION_EXISTS=pthread_create -static-libgcc -static-libstdc++  CMakeFiles/cmTC_66e26.dir/CheckFunctionExists.c.o -o cmTC_66e26  -lpthreads 
/usr/bin/ld: невозможно найти -lpthreads
collect2: error: ld returned 1 exit status
make[1]: *** [CMakeFiles/cmTC_66e26.dir/build.make:99: cmTC_66e26] Ошибка 1
make[1]: выход из каталога «/home/elizar/RRFI_Tx_Rx/cmake-build-release/CMakeFiles/CMakeTmp»
make: *** [Makefile:127: cmTC_66e26/fast] Ошибка 2



